<?xml version="1.0" encoding="UTF-8"?>
<testsuite xmlns:xsi="http://www.w3.org/2001/XMLSchema-instance" xsi:noNamespaceSchemaLocation="https://maven.apache.org/surefire/maven-surefire-plugin/xsd/surefire-test-report-3.0.xsd" version="3.0" name="ui.tests.US01LoginPageLandingTests" time="21.373" tests="4" errors="0" skipped="0" failures="0">
  <properties>
[...]
</properties>
  <testcase name="verifyPasswordSectionElementsAreVisible" classname="ui.tests.US01LoginPageLandingTests" time="5.61">
    <system-out><![CDATA[loginPage.passwordLabel.isDisplayed() = true
loginPage.password.isDisplayed() = true
loginPage.loginButton.isDisplayed() = true
]]></system-out>
    <system-err><![CDATA[Feb 25, 2026 6:05:19 PM org.openqa.selenium.devtools.CdpVersionFinder findNearestMatch
WARNING: Unable to find an exact match for CDP version 145, returning the closest version; found: 142; Please update to a Selenium version that supports CDP version 145
]]></system-err>
  </testcase>
  <testcase name="verifyUserLandsOnLoginPage" classname="ui.tests.US01LoginPageLandingTests" time="5.64">
    <system-err><![CDATA[Feb 25, 2026 6:05:24 PM org.openqa.selenium.devtools.CdpVersionFinder findNearestMatch
WARNING: Unable to find an exact match for CDP version 145, returning the closest version; found: 142; Please update to a Selenium version that supports CDP version 145
]]></system-err>
  </testcase>
  <testcase name="verifyUsernameSectionElementsAreVisible" classname="ui.tests.US01LoginPageLandingTests" time="5.003">
    <system-out><![CDATA[loginPage.usernameLabel.isDisplayed() = true
loginPage.continueButton.isDisplayed() = true
]]></system-out>
    <system-err><![CDATA[Feb 25, 2026 6:05:30 PM org.openqa.selenium.devtools.CdpVersionFinder findNearestMatch
WARNING: Unable to find an exact match for CDP version 145, returning the closest version; found: 142; Please update to a Selenium version that supports CDP version 145
]]></system-err>
  </testcase>
  <testcase name="verifyUrlIsRedirectedToLoginPath" classname="ui.tests.US01LoginPageLandingTests" time="5.107">
    <system-err><![CDATA[Feb 25, 2026 6:05:35 PM org.openqa.selenium.devtools.CdpVersionFinder findNearestMatch
WARNING: Unable to find an exact match for CDP version 145, returning the closest version; found: 142; Please update to a Selenium version that supports CDP version 145
]]></system-err>
  </testcase>
</testsuite>